<?xml version="1.0" encoding="UTF-8"?>
<!-- Generated by org.testng.reporters.JUnitReportReporter -->
<testsuite hostname="mitalis-MacBook-Air.local" failures="0" tests="1" name="runner.TestRunner" time="24.424" errors="0" timestamp="2020-10-17T20:16:27 IST" skipped="0">
  <testcase classname="runner.TestRunner" name="feature" time="24.424"/>
  <system-out/>
</testsuite> <!-- runner.TestRunner -->
